[2017-05-15 12:18:52][debug] 请求:appid=1095&body=包月&mchNo=CH10&mchorderid=&pay_type=pay_weixin_scan&subject=门票&tag=470&total_fee=1&version=1.0&key=11f181d7af3137a985aadf147ac5465d
[2017-05-15 12:18:52][debug] 返回:{"tag":"470","errorcode":1001,"errormsg":"java.lang.IllegalStateException: Expected BEGIN_OBJECT but was STRING at line 1 column 1","accept_time":"1494821917602"}
[2017-05-15 12:18:53][debug] 请求:appid=1095&body=包月&mchNo=CH10&mchorderid=&pay_type=pay_weixin_scan&subject=门票&tag=470&total_fee=1&version=1.0&key=11f181d7af3137a985aadf147ac5465d
[2017-05-15 12:18:53][debug] 返回:{"tag":"470","errorcode":1001,"errormsg":"java.lang.IllegalStateException: Expected BEGIN_OBJECT but was STRING at line 1 column 1","accept_time":"1494821918413"}
[2017-05-15 12:18:53][debug] 请求:appid=1095&body=包月&mchNo=CH10&mchorderid=&pay_type=pay_weixin_scan&subject=门票&tag=470&total_fee=1&version=1.0&key=11f181d7af3137a985aadf147ac5465d
[2017-05-15 12:18:53][debug] 返回:{"tag":"470","errorcode":1001,"errormsg":"java.lang.IllegalStateException: Expected BEGIN_OBJECT but was STRING at line 1 column 1","accept_time":"1494821918654"}
[2017-05-15 12:19:12][debug] 请求:appid=1095&body=包月&mchNo=CH10&mchorderid=&pay_type=pay_weixin_scan&subject=门票&tag=470&total_fee=1&version=1.0&key=11f181d7af3137a985aadf147ac5465d
[2017-05-15 12:19:12][debug] 返回:{"tag":"470","errorcode":1001,"errormsg":"java.lang.IllegalStateException: Expected BEGIN_OBJECT but was STRING at line 1 column 1","accept_time":"1494821937459"}
[2017-05-15 12:19:53][debug] 请求:appid=1095&body=包月&mchNo=CH10&mchorderid=&pay_type=pay_weixin_scan&subject=门票&tag=470&total_fee=1&version=1.0&key=72ccd880db5bddf6368b226e87e7ff0f
[2017-05-15 12:19:53][debug] 返回:{"tag":"470","errorcode":1001,"errormsg":"java.lang.IllegalStateException: Expected BEGIN_OBJECT but was STRING at line 1 column 1","accept_time":"1494821978801"}
[2017-05-15 12:20:16][debug] 请求:appid=1095&body=包月&mchNo=CH10&mchorderid=20170515122016&pay_type=pay_weixin_scan&subject=门票&tag=470&total_fee=1&version=1.0&key=0cb6ff8dc4805aa37c4d38885abcf7d2
[2017-05-15 12:20:16][debug] 返回:{"tag":"470","errorcode":1001,"errormsg":"java.lang.IllegalStateException: Expected BEGIN_OBJECT but was STRING at line 1 column 1","accept_time":"1494822002070"}
[2017-05-15 15:02:38][debug] 请求:appid=1095&body=包月&mchNo=CH10&mchorderid=20170515150238&pay_type=pay_weixin_scan&subject=门票&tag=470&total_fee=1&version=1.0&key=567cbf188d12eb9400d09554ee0af643
[2017-05-15 15:02:38][debug] 返回:{"tag":"470","errorcode":1001,"errormsg":"java.lang.IllegalStateException: Expected BEGIN_OBJECT but was STRING at line 1 column 1","accept_time":"1494831744250"}
[2017-05-15 15:04:53][debug] 请求:appid=1095&body=包月&mchNo=CH10&mchorderid=20170515150453&show_url=http://www.baidu.com&pay_type=pay_weixin_scan&subject=门票&tag=470&total_fee=1&version=1.0&key=93c3b05bc2ec8604484e01eda3f425d9
[2017-05-15 15:04:53][debug] 返回:{"tag":"470","errorcode":1001,"errormsg":"java.lang.IllegalStateException: Expected BEGIN_OBJECT but was STRING at line 1 column 1","accept_time":"1494831879836"}
[2017-05-15 15:05:01][debug] 请求:appid=1095&body=包月&mchNo=CH10&mchorderid=20170515150501&show_url=http://www.baidu.com&pay_type=pay_weixin_scan&subject=门票&tag=470&total_fee=1&version=1.0&key=0bd10cf490e2a101fc6e21ff4c9053dd
[2017-05-15 15:05:01][debug] 返回:{"tag":"470","errorcode":1001,"errormsg":"java.lang.IllegalStateException: Expected BEGIN_OBJECT but was STRING at line 1 column 1","accept_time":"1494831888051"}
[2017-05-15 15:05:51][debug] 请求:appid=1095&body=包月&mchNo=CH10&mchorderid=20170515150550&pay_type=pay_weixin_scan&show_url=http://www.baidu.com&subject=门票&tag=470&total_fee=1&version=1.0&key=0342a52b2a8332911a1602d97ed47f55
[2017-05-15 15:05:51][debug] 返回:{"tag":"470","errorcode":1001,"errormsg":"java.lang.IllegalStateException: Expected BEGIN_OBJECT but was STRING at line 1 column 1","accept_time":"1494831937056"}
[2017-05-15 15:31:13][debug] 请求:{"subject":"\u95e8\u7968","total_fee":"1","body":"\u5305\u6708","pay_type":"pay_weixin_scan","mchNo":"CH10","tag":470,"version":"1.0","appid":"1095","mchorderid":"$orderid","show_url":"http:\/\/www.baidu.com","sign":"a2f95e2903282810c5b7807993752152"}
[2017-05-15 15:31:13][debug] 返回:
[2017-05-15 15:31:37][debug] 请求:{"subject":"\u95e8\u7968","total_fee":"1","body":"\u5305\u6708","pay_type":"pay_weixin_scan","mchNo":"CH10","tag":470,"version":"1.0","appid":"1095","mchorderid":"20170515153137","show_url":"http:\/\/www.baidu.com","sign":"593870858798debebf6f9362a7f2829c"}
[2017-05-15 15:31:37][debug] 返回:
[2017-05-15 15:32:26][debug] 请求:{"subject":"\u95e8\u7968","total_fee":"1","body":"\u5305\u6708","pay_type":"pay_weixin_scan","mchNo":"CH10","tag":470,"version":"1.0","appid":"1095","mchorderid":"20170515153226","show_url":"http:\/\/www.baidu.com","sign":"0215fd79fd3f1c99dcc8a13044d5e8af"}
[2017-05-15 15:32:26][debug] 返回:{"pay_type":"pay_weixin_scan","mchNo":"CH10","orderid":"F1_z3NpnNqN","code_img_url":"https://pay.swiftpass.cn/pay/qrcode?uuid=weixin://wxpay/bizpayurl?pr=HmS3FbO","sign":"0987806cf5a9fca89c17386c2cdb3139","tag":"470","errorcode":0,"errormsg":"成功","accept_time":"1494833532928"}
[2017-05-15 15:44:25][debug] 请求:{"subject":"\u95e8\u7968","total_fee":"1","body":"\u5305\u6708","pay_type":"pay_weixin_scan","mchNo":"CH10","tag":470,"version":"1.0","appid":"1095","mchorderid":"20170515154425","show_url":"http:\/\/www.baidu.com","sign":"5187dd4b245b3853bec0de88168a1560"}
[2017-05-15 15:44:25][debug] 返回:{"pay_type":"pay_weixin_scan","mchNo":"CH10","orderid":"F1_dSx48zfP","code_img_url":"https://pay.swiftpass.cn/pay/qrcode?uuid=weixin://wxpay/bizpayurl?pr=3vrxFv3","sign":"b85a17ae90e3e7644f1d12e2f0031469","tag":"470","errorcode":0,"errormsg":"成功","accept_time":"1494834251572"}
[2017-05-15 15:45:21][debug] 请求:{"subject":"\u95e8\u7968","total_fee":"1","body":"\u5305\u6708","pay_type":"pay_weixin_scan","mchNo":"CH10","tag":470,"version":"1.0","appid":"1095","mchorderid":"20170515154520","show_url":"http:\/\/www.baidu.com","sign":"187e722ffd26207202b490a7b973ef8e"}
[2017-05-15 15:45:21][debug] 返回:{"pay_type":"pay_weixin_scan","mchNo":"CH10","orderid":"F1_yk028ywN","code_img_url":"https://pay.swiftpass.cn/pay/qrcode?uuid=weixin://wxpay/bizpayurl?pr=GSQUhU5","sign":"bce6ce7de0d8b87ec9c66f915bb67277","tag":"470","errorcode":0,"errormsg":"成功","accept_time":"1494834307062"}
[2017-05-15 15:45:31][debug] 请求:{"subject":"\u95e8\u7968","total_fee":"1","body":"\u5305\u6708","pay_type":"pay_weixin_scan","mchNo":"CH10","tag":470,"version":"1.0","appid":"1095","mchorderid":"20170515154531","show_url":"http:\/\/www.baidu.com","sign":"f438f9220ec04d71f9e938191f7c898f"}
[2017-05-15 15:45:31][debug] 返回:{"pay_type":"pay_weixin_scan","mchNo":"CH10","orderid":"F1_CNzAeOui","code_img_url":"https://pay.swiftpass.cn/pay/qrcode?uuid=weixin://wxpay/bizpayurl?pr=VEeE0JP","sign":"c0aee01e4da1e60c0bef83637d9d475c","tag":"470","errorcode":0,"errormsg":"成功","accept_time":"1494834317897"}
[2017-05-15 15:46:48][debug] 请求:{"subject":"\u95e8\u7968","total_fee":"1","body":"\u5305\u6708","pay_type":"pay_weixin_scan","mchNo":"CH10","tag":470,"version":"1.0","appid":"1095","mchorderid":"20170515154644","show_url":"http:\/\/www.baidu.com","sign":"e95d263815a0575bdbe0e0973bc42c2a"}
[2017-05-15 15:46:48][debug] 返回:{"pay_type":"pay_weixin_scan","mchNo":"CH10","orderid":"F1_qUmpwNry","code_img_url":"https://pay.swiftpass.cn/pay/qrcode?uuid=weixin://wxpay/bizpayurl?pr=aKxtjhi","sign":"989b2cf32f53e1b24b0ddcad441914dd","tag":"470","errorcode":0,"errormsg":"成功","accept_time":"1494834394374"}
[2017-05-15 15:47:12][debug] 请求:{"subject":"\u95e8\u7968","total_fee":"1","body":"\u5305\u6708","pay_type":"pay_weixin_scan","mchNo":"CH10","tag":470,"version":"1.0","appid":"1095","mchorderid":"20170515154711","show_url":"http:\/\/www.baidu.com","sign":"0f8bda6112ae34784e39636d1a5e2ce9"}
[2017-05-15 15:47:12][debug] 返回:{"pay_type":"pay_weixin_scan","mchNo":"CH10","orderid":"F1_VVqYsrcA","code_img_url":"https://pay.swiftpass.cn/pay/qrcode?uuid=weixin://wxpay/bizpayurl?pr=80CR7tW","sign":"c681cc6a6fec4db718cd9875f5c4d95c","tag":"470","errorcode":0,"errormsg":"成功","accept_time":"1494834418397"}
[2017-05-15 15:47:40][debug] 请求:{"subject":"\u95e8\u7968","total_fee":"1","body":"\u5305\u6708","pay_type":"pay_weixin_scan","mchNo":"CH10","tag":470,"version":"1.0","appid":"1095","mchorderid":"20170515154739","show_url":"http:\/\/www.baidu.com","sign":"7fb1a1593c6d060c85b7bc838ab035ba"}
[2017-05-15 15:47:40][debug] 返回:{"pay_type":"pay_weixin_scan","mchNo":"CH10","orderid":"F1_8lh7HggM","code_img_url":"https://pay.swiftpass.cn/pay/qrcode?uuid=weixin://wxpay/bizpayurl?pr=xSqoUIJ","sign":"65adae6f3563dd41b5e696831fcf272a","tag":"470","errorcode":0,"errormsg":"成功","accept_time":"1494834446266"}
[2017-05-15 15:47:46][debug] 请求:{"subject":"\u95e8\u7968","total_fee":"1","body":"\u5305\u6708","pay_type":"pay_weixin_scan","mchNo":"CH10","tag":470,"version":"1.0","appid":"1095","mchorderid":"20170515154746","show_url":"http:\/\/www.baidu.com","sign":"bdc6e7fcebca18e5651c8ea736981c17"}
[2017-05-15 15:47:46][debug] 返回:{"pay_type":"pay_weixin_scan","mchNo":"CH10","orderid":"F1_wO8HSxeV","code_img_url":"https://pay.swiftpass.cn/pay/qrcode?uuid=weixin://wxpay/bizpayurl?pr=nzH30yQ","sign":"d5d2b9476c35cb790ce6d5dff95d0c30","tag":"470","errorcode":0,"errormsg":"成功","accept_time":"1494834452557"}
[2017-05-15 15:47:58][debug] 请求:{"subject":"\u95e8\u7968","total_fee":"1","body":"\u5305\u6708","pay_type":"pay_weixin_scan","mchNo":"CH10","tag":470,"version":"1.0","appid":"1095","mchorderid":"20170515154758","show_url":"http:\/\/www.baidu.com","sign":"2707becbabc6d03c1f2ead6b81b88729"}
[2017-05-15 15:47:58][debug] 返回:{"pay_type":"pay_weixin_scan","mchNo":"CH10","orderid":"F1_mOSVslwD","code_img_url":"https://pay.swiftpass.cn/pay/qrcode?uuid=weixin://wxpay/bizpayurl?pr=6dhshEH","sign":"22ed511f0b0222e802e7dea9c73c5aff","tag":"470","errorcode":0,"errormsg":"成功","accept_time":"1494834464665"}
[2017-05-15 15:48:04][debug] 请求:{"subject":"\u95e8\u7968","total_fee":"1","body":"\u5305\u6708","pay_type":"pay_weixin_scan","mchNo":"CH10","tag":470,"version":"1.0","appid":"1095","mchorderid":"20170515154804","show_url":"http:\/\/www.baidu.com","sign":"09dcfe6bed985a9aa00c54e826b6dabd"}
[2017-05-15 15:48:04][debug] 返回:{"pay_type":"pay_weixin_scan","mchNo":"CH10","orderid":"F1_ZTUNsCS6","code_img_url":"https://pay.swiftpass.cn/pay/qrcode?uuid=weixin://wxpay/bizpayurl?pr=LSYGhwd","sign":"6dfb5fbaec5eeec9e287117c8fc7382f","tag":"470","errorcode":0,"errormsg":"成功","accept_time":"1494834470753"}
[2017-05-15 15:56:41][debug] 请求:{"subject":"\u95e8\u7968","total_fee":"1","body":"\u5305\u6708","pay_type":"pay_weixin_scan","mchNo":"CH10","tag":470,"version":"1.0","appid":"1095","mchorderid":"20170515155637","show_url":"http:\/\/www.baidu.com","sign":"1d259a902429bf50d7dda516f762c574"}
[2017-05-15 15:56:41][debug] 返回:{"pay_type":"pay_weixin_scan","mchNo":"CH10","orderid":"F1_nd1Nfq1H","code_img_url":"https://pay.swiftpass.cn/pay/qrcode?uuid=weixin://wxpay/bizpayurl?pr=WiA9ABV","sign":"9cde2901bf04c87a7228150857b079e0","tag":"470","errorcode":0,"errormsg":"成功","accept_time":"1494834987191"}
[2017-05-15 15:57:12][debug] 请求:{"subject":"\u95e8\u7968","total_fee":"1","body":"\u5305\u6708","pay_type":"pay_weixin_scan","mchNo":"CH10","tag":470,"version":"1.0","appid":"1095","mchorderid":"20170515155711","show_url":"http:\/\/www.baidu.com","sign":"056db7e821336cc9440e23d098679557"}
[2017-05-15 15:57:12][debug] 返回:{"pay_type":"pay_weixin_scan","mchNo":"CH10","orderid":"F1_ETnznq6D","code_img_url":"https://pay.swiftpass.cn/pay/qrcode?uuid=weixin://wxpay/bizpayurl?pr=C75iBFp","sign":"6f3aef4c6faaa29f7dcc5c82b7cfadcf","tag":"470","errorcode":0,"errormsg":"成功","accept_time":"1494835018190"}
