SEND_PARAM 2017-07-11 11:39:53 {"openid":"oB6FJv0PiiFKVP7oA5AMrywk74QI","check_name":"NO_CHECK","re_user_name":"11","amount":"100","desc":"提现","spbill_create_ip":"::1"}
SEND_XML 2017-07-11 11:39:53 "<xml><amount>100<\/amount><check_name><![CDATA[NO_CHECK]]><\/check_name><desc><![CDATA[提现]]><\/desc><mch_appid><![CDATA[wx8d9883169c5d5eab]]><\/mch_appid><mchid>1330625801<\/mchid><nonce_str><![CDATA[k4bj9pozhubdjuyjfttyq0kxewqjej]]><\/nonce_str><openid><![CDATA[oB6FJv0PiiFKVP7oA5AMrywk74QI]]><\/openid><partner_trade_no>201707111139537322<\/partner_trade_no><re_user_name>11<\/re_user_name><spbill_create_ip><![CDATA[::1]]><\/spbill_create_ip><sign><![CDATA[8FCF00C2564939953F5D0B677E5FA643]]><\/sign><\/xml>"
 2017-07-11 11:39:53 "null"
RESULT_XML 2017-07-11 11:39:53 ""
GETINFO_XML 2017-07-11 11:39:53 "<xml><appid><![CDATA[wx8d9883169c5d5eab]]><\/appid><mch_id>1330625801<\/mch_id><nonce_str><![CDATA[x2rrf4hdhfetlo9hd4rwbdi3tk3j6v]]><\/nonce_str><partner_trade_no>11111111<\/partner_trade_no><sign><![CDATA[9290672FD7EFDF014C0C2D4E0C45C67B]]><\/sign><\/xml>"
 2017-07-11 11:39:53 "null"
SEND_PARAM 2017-07-11 11:40:44 {"openid":"oB6FJv0PiiFKVP7oA5AMrywk74QI","check_name":"NO_CHECK","re_user_name":"11","amount":"100","desc":"提现","spbill_create_ip":"::1"}
SEND_XML 2017-07-11 11:40:44 "<xml><amount>100<\/amount><check_name><![CDATA[NO_CHECK]]><\/check_name><desc><![CDATA[提现]]><\/desc><mch_appid><![CDATA[wx8d9883169c5d5eab]]><\/mch_appid><mchid>1330625801<\/mchid><nonce_str><![CDATA[whln5u5wauo9esctag7265nvmwbmx5]]><\/nonce_str><openid><![CDATA[oB6FJv0PiiFKVP7oA5AMrywk74QI]]><\/openid><partner_trade_no>201707111140440108<\/partner_trade_no><re_user_name>11<\/re_user_name><spbill_create_ip><![CDATA[::1]]><\/spbill_create_ip><sign><![CDATA[C93D5D944737D35928E7F13768BF47C5]]><\/sign><\/xml>"
 2017-07-11 11:40:44 "null"
RESULT_XML 2017-07-11 11:40:44 ""
GETINFO_XML 2017-07-11 11:40:44 "<xml><appid><![CDATA[wx8d9883169c5d5eab]]><\/appid><mch_id>1330625801<\/mch_id><nonce_str><![CDATA[9biu4usao8o1oq3xdm529vtmvu0vkj]]><\/nonce_str><partner_trade_no>11111111<\/partner_trade_no><sign><![CDATA[489212566A3621746D5B80F9CD19167B]]><\/sign><\/xml>"
 2017-07-11 11:40:44 "null"
SEND_PARAM 2017-07-11 11:40:57 {"openid":"oB6FJv0PiiFKVP7oA5AMrywk74QI","check_name":"NO_CHECK","re_user_name":"11","amount":"100","desc":"提现","spbill_create_ip":"::1"}
SEND_XML 2017-07-11 11:40:57 "<xml><amount>100<\/amount><check_name><![CDATA[NO_CHECK]]><\/check_name><desc><![CDATA[提现]]><\/desc><mch_appid><![CDATA[wx8d9883169c5d5eab]]><\/mch_appid><mchid>1330625801<\/mchid><nonce_str><![CDATA[ra79nz7uvo2wtfsyo3pes6kyox1mw4]]><\/nonce_str><openid><![CDATA[oB6FJv0PiiFKVP7oA5AMrywk74QI]]><\/openid><partner_trade_no>201707111140571880<\/partner_trade_no><re_user_name>11<\/re_user_name><spbill_create_ip><![CDATA[::1]]><\/spbill_create_ip><sign><![CDATA[5D7C0865467F1CD54F92F5B72F4E336F]]><\/sign><\/xml>"
 2017-07-11 11:40:57 "null"
RESULT_XML 2017-07-11 11:40:57 ""
GETINFO_XML 2017-07-11 11:40:57 "<xml><appid><![CDATA[wx8d9883169c5d5eab]]><\/appid><mch_id>1330625801<\/mch_id><nonce_str><![CDATA[tv6jv7zy41ycg9qucrow02bj5osdey]]><\/nonce_str><partner_trade_no>11111111<\/partner_trade_no><sign><![CDATA[2BF73F3F006DEB30648D37E92D05E734]]><\/sign><\/xml>"
 2017-07-11 11:40:57 "null"
SEND_PARAM 2017-07-11 11:42:43 {"openid":"oB6FJv0PiiFKVP7oA5AMrywk74QI","check_name":"NO_CHECK","re_user_name":"11","amount":"100","desc":"提现","spbill_create_ip":"::1"}
SEND_XML 2017-07-11 11:42:43 "<xml><amount>100<\/amount><check_name><![CDATA[NO_CHECK]]><\/check_name><desc><![CDATA[提现]]><\/desc><mch_appid><![CDATA[wx8d9883169c5d5eab]]><\/mch_appid><mchid>1330625801<\/mchid><nonce_str><![CDATA[u58oqvukyca98yw9j8sa96sdk28ko2]]><\/nonce_str><openid><![CDATA[oB6FJv0PiiFKVP7oA5AMrywk74QI]]><\/openid><partner_trade_no>201707111142434068<\/partner_trade_no><re_user_name>11<\/re_user_name><spbill_create_ip><![CDATA[::1]]><\/spbill_create_ip><sign><![CDATA[F788C276D4A8619CFA1B475649676BB3]]><\/sign><\/xml>"
 2017-07-11 11:42:43 "null"
RESULT_XML 2017-07-11 11:42:43 ""
GETINFO_XML 2017-07-11 11:42:43 "<xml><appid><![CDATA[wx8d9883169c5d5eab]]><\/appid><mch_id>1330625801<\/mch_id><nonce_str><![CDATA[j5v7wemvctg2787s77hcpylt1grcg3]]><\/nonce_str><partner_trade_no>11111111<\/partner_trade_no><sign><![CDATA[9D45A261D1D4996B07758F4B428B6C8A]]><\/sign><\/xml>"
 2017-07-11 11:42:43 "null"
SEND_PARAM 2017-07-11 11:42:49 {"openid":"oB6FJv0PiiFKVP7oA5AMrywk74QI","check_name":"NO_CHECK","re_user_name":"11","amount":"100","desc":"提现","spbill_create_ip":"::1"}
SEND_XML 2017-07-11 11:42:49 "<xml><amount>100<\/amount><check_name><![CDATA[NO_CHECK]]><\/check_name><desc><![CDATA[提现]]><\/desc><mch_appid><![CDATA[wx8d9883169c5d5eab]]><\/mch_appid><mchid>1330625801<\/mchid><nonce_str><![CDATA[an4231kizzqmiqawflw6tirwppxj8r]]><\/nonce_str><openid><![CDATA[oB6FJv0PiiFKVP7oA5AMrywk74QI]]><\/openid><partner_trade_no>201707111142495960<\/partner_trade_no><re_user_name>11<\/re_user_name><spbill_create_ip><![CDATA[::1]]><\/spbill_create_ip><sign><![CDATA[F028DBBDF2C01619D9342F8C1D9E71E0]]><\/sign><\/xml>"
 2017-07-11 11:42:49 "null"
RESULT_XML 2017-07-11 11:42:49 ""
GETINFO_XML 2017-07-11 11:42:49 "<xml><appid><![CDATA[wx8d9883169c5d5eab]]><\/appid><mch_id>1330625801<\/mch_id><nonce_str><![CDATA[54ruykwpickm0lc81mabzkewvlkvq5]]><\/nonce_str><partner_trade_no>11111111<\/partner_trade_no><sign><![CDATA[32F29E88B26215DF7B9B7C54B25575C4]]><\/sign><\/xml>"
 2017-07-11 11:42:49 "null"
SEND_PARAM 2017-07-11 11:43:09 {"openid":"oB6FJv0PiiFKVP7oA5AMrywk74QI","check_name":"NO_CHECK","re_user_name":"11","amount":"100","desc":"提现","spbill_create_ip":"::1"}
SEND_XML 2017-07-11 11:43:09 "<xml><amount>100<\/amount><check_name><![CDATA[NO_CHECK]]><\/check_name><desc><![CDATA[提现]]><\/desc><mch_appid><![CDATA[wx8d9883169c5d5eab]]><\/mch_appid><mchid>1330625801<\/mchid><nonce_str><![CDATA[k85u3rlg7i2jlsvxy4ft23ivdlunan]]><\/nonce_str><openid><![CDATA[oB6FJv0PiiFKVP7oA5AMrywk74QI]]><\/openid><partner_trade_no>201707111143094683<\/partner_trade_no><re_user_name>11<\/re_user_name><spbill_create_ip><![CDATA[::1]]><\/spbill_create_ip><sign><![CDATA[7B9859D60655A5C26827DF3393D63532]]><\/sign><\/xml>"
RESULT_XML 2017-07-11 11:43:10 "<xml><return_code><![CDATA[SUCCESS]]><\/return_code><return_msg><![CDATA[参数错误:spbill_create_ip必须是合法的IP字符串.]]><\/return_msg><result_code><![CDATA[FAIL]]><\/result_code><err_code><![CDATA[PARAM_ERROR]]><\/err_code><err_code_des><![CDATA[参数错误:spbill_create_ip必须是合法的IP字符串.]]><\/err_code_des><\/xml>"
GETINFO_XML 2017-07-11 11:43:10 "<xml><appid><![CDATA[wx8d9883169c5d5eab]]><\/appid><mch_id>1330625801<\/mch_id><nonce_str><![CDATA[1br2tyltyll0i3z09xwdbgaxn7uiuj]]><\/nonce_str><partner_trade_no>11111111<\/partner_trade_no><sign><![CDATA[60A64118194D9536DE6468CC8C5B868D]]><\/sign><\/xml>"
RESULT_XML 2017-07-11 11:43:10 "<xml><return_code><![CDATA[SUCCESS]]><\/return_code><return_msg><![CDATA[指定单号数据不存在]]><\/return_msg><result_code><![CDATA[FAIL]]><\/result_code><err_code><![CDATA[NOT_FOUND]]><\/err_code><err_code_des><![CDATA[指定单号数据不存在]]><\/err_code_des><partner_trade_no><![CDATA[11111111]]><\/partner_trade_no><mch_id><![CDATA[1330625801]]><\/mch_id><\/xml>"
SEND_PARAM 2017-07-11 11:43:24 {"openid":"oB6FJv0PiiFKVP7oA5AMrywk74QI","check_name":"NO_CHECK","re_user_name":"11","amount":"100","desc":"提现","spbill_create_ip":"::1"}
SEND_XML 2017-07-11 11:43:24 "<xml><amount>100<\/amount><check_name><![CDATA[NO_CHECK]]><\/check_name><desc><![CDATA[提现]]><\/desc><mch_appid><![CDATA[wx8d9883169c5d5eab]]><\/mch_appid><mchid>1330625801<\/mchid><nonce_str><![CDATA[hnkmaabnsgnjbqiti03bfnj8lrez24]]><\/nonce_str><openid><![CDATA[oB6FJv0PiiFKVP7oA5AMrywk74QI]]><\/openid><partner_trade_no>201707111143245583<\/partner_trade_no><re_user_name>11<\/re_user_name><spbill_create_ip><![CDATA[::1]]><\/spbill_create_ip><sign><![CDATA[2B5215D3A6AC12C051AD7B915EF4BB5E]]><\/sign><\/xml>"
RESULT_XML 2017-07-11 11:43:24 "<xml><return_code><![CDATA[SUCCESS]]><\/return_code><return_msg><![CDATA[参数错误:spbill_create_ip必须是合法的IP字符串.]]><\/return_msg><result_code><![CDATA[FAIL]]><\/result_code><err_code><![CDATA[PARAM_ERROR]]><\/err_code><err_code_des><![CDATA[参数错误:spbill_create_ip必须是合法的IP字符串.]]><\/err_code_des><\/xml>"
GETINFO_XML 2017-07-11 11:43:24 "<xml><appid><![CDATA[wx8d9883169c5d5eab]]><\/appid><mch_id>1330625801<\/mch_id><nonce_str><![CDATA[vqyl307opg37uw0wijb3jp0nr9q7r5]]><\/nonce_str><partner_trade_no>11111111<\/partner_trade_no><sign><![CDATA[5A383B60E99B5E88CE23EDED78422DCB]]><\/sign><\/xml>"
RESULT_XML 2017-07-11 11:43:25 "<xml><return_code><![CDATA[SUCCESS]]><\/return_code><return_msg><![CDATA[指定单号数据不存在]]><\/return_msg><result_code><![CDATA[FAIL]]><\/result_code><err_code><![CDATA[NOT_FOUND]]><\/err_code><err_code_des><![CDATA[指定单号数据不存在]]><\/err_code_des><partner_trade_no><![CDATA[11111111]]><\/partner_trade_no><mch_id><![CDATA[1330625801]]><\/mch_id><\/xml>"
